<?xml version="1.0" encoding="UTF-8"?>
<!-- Generated by org.testng.reporters.JUnitXMLReporter -->
<testsuite ignored="0" hostname="inlen8520037289" failures="0" tests="3" name="Test" time="12.053" errors="0" timestamp="2023-06-30T09:51:19 IST">
  <testcase classname="com.cg.ParallelExcecution.RunParallelExecution" name="Test2" time="8.598"/>
  <testcase classname="com.cg.ParallelExcecution.RunParallelExecution" name="init" time="2.666"/>
  <testcase classname="com.cg.ParallelExcecution.RunParallelExecution" name="Test1" time="11.917"/>
</testsuite> <!-- Test -->
