<?xml version="1.0" encoding="UTF-8"?>
<!-- Generated by org.testng.reporters.JUnitXMLReporter -->
<testsuite ignored="5" hostname="inlen8520037289" failures="1" tests="1" name="Default test(failed)(failed)" time="0.089" errors="0" timestamp="2023-06-30T09:51:45 IST">
  <testcase classname="com.cg.TestCases.RunTestCases" name="heading4" time="0.016">
    <failure type="java.lang.Error" message="Unresolved compilation problem: 
	act7 cannot be resolved
">
      <![CDATA[java.lang.Error: Unresolved compilation problem: 
act7 cannot be resolved

at com.cg.TestCases.RunTestCases.heading4(RunTestCases.java:73)
at java.base/java.util.ArrayList.forEach(ArrayList.java:1511)
... Removed 27 stack frames]]>
    </failure>
  </testcase> <!-- heading4 -->
  <testcase classname="com.cg.TestCases.RunTestCases" name="pageTitle" time="0.0">
    <ignored/>
  </testcase> <!-- pageTitle -->
  <testcase classname="com.cg.TestCases.RunTestCases" name="heading3" time="0.0">
    <ignored/>
  </testcase> <!-- heading3 -->
  <testcase classname="com.cg.TestCases.RunTestCases" name="heading2" time="0.0">
    <ignored/>
  </testcase> <!-- heading2 -->
  <testcase classname="com.cg.TestCases.RunTestCases" name="loadurl" time="0.0">
    <ignored/>
  </testcase> <!-- loadurl -->
  <testcase classname="com.cg.TestCases.RunTestCases" name="heading1" time="0.0">
    <ignored/>
  </testcase> <!-- heading1 -->
</testsuite> <!-- Default test(failed)(failed) -->
